--- Running testcase sched_latency -d 1 -t 5 -c 100  ---
Thu May 16 11:37:12 CEST 2019
Logging to /home/iocuser/ics_gitsrc/e3-tools/rt_conf/ltp/testcases/realtime/logs/ip7-21-x86_64-4.9.0-9-rt-amd64-2019-05-16-sched_latency-d1-t5-c100.log
-------------------------------
Scheduling Latency
-------------------------------

Running 10000 iterations with a period of 5 ms
Periodic load duration: 1 ms
Expected running time: 50 s


Start:   15 us: PASS
Min:      4 us: PASS
Max:     14 us: PASS
Avg:      5 us: PASS
StdDev: 0.5568 us
Quantiles:
99.0% < 7
99.9% < 8
99.99% < 14
Failed Iterations: 0

Criteria: latencies < 100 us
Result: PASS

Thu May 16 11:38:02 CEST 2019
The sched_latency test appears to have completed.
