--- Running testcase pi_perf -c 200  ---
Thu May 16 11:36:34 CEST 2019
Logging to /home/iocuser/ics_gitsrc/e3-tools/rt_conf/ltp/testcases/realtime/logs/ip7-21-x86_64-4.9.0-9-rt-amd64-2019-05-16-pi_perf-c200.log
Low prio thread started
Busy 0 started
High prio thread started
Busy 1 started
Busy 2 started
Busy 3 started
Time taken for high prio thread to get the lock once released by low prio thread
Min delay = 7 us
Max delay = 20 us
Average delay = 12.36 us
Standard Deviation = 2.82 us
Quantiles:
99.0% < 20
Criteria: High prio lock wait time < (Low prio lock held time + 200 us)
Result: PASS

Thu May 16 11:36:36 CEST 2019
The pi_perf test appears to have completed.
