--- Running testcase sched_jitter  ---
Thu May 16 11:32:53 CEST 2019
Logging to /home/iocuser/ics_gitsrc/e3-tools/rt_conf/ltp/testcases/realtime/logs/ip7-21-x86_64-4.9.0-9-rt-amd64-2019-05-16-sched_jitter.log
delta: 220092448 ns
delta: 217520173 ns
delta: 219193401 ns
delta: 218331451 ns
delta: 219452049 ns
delta: 218765075 ns
delta: 216021193 ns
delta: 215730209 ns
delta: 217446948 ns
delta: 217778478 ns
delta: 218531827 ns
delta: 219586943 ns
delta: 219006917 ns
delta: 221256257 ns
delta: 217978379 ns
delta: 219247202 ns
delta: 217847212 ns
delta: 218474636 ns
delta: 220320282 ns
delta: 218874023 ns
delta: 219769093 ns
delta: 216279348 ns
delta: 220113388 ns
delta: 220661126 ns
delta: 218858778 ns
delta: 218678084 ns
delta: 216885904 ns
delta: 219348394 ns
delta: 220827592 ns
delta: 215763587 ns
delta: 217940759 ns
delta: 218827706 ns
delta: 215587182 ns
delta: 218404420 ns
delta: 218820821 ns
delta: 219730036 ns
delta: 217769696 ns
delta: 219764160 ns
delta: 219933599 ns
delta: 220206836 ns
delta: 216936626 ns
delta: 217806188 ns
delta: 219976333 ns
delta: 218908427 ns
delta: 218009036 ns
delta: 219110153 ns
delta: 220287378 ns
delta: 219042458 ns
delta: 214469667 ns
delta: 218380892 ns
delta: 219628332 ns
delta: 216270071 ns
delta: 217255465 ns
delta: 216001481 ns
delta: 216761838 ns
delta: 219530838 ns
delta: 218154446 ns
delta: 218670590 ns
delta: 218039487 ns
delta: 218223002 ns
delta: 218626067 ns
delta: 219895462 ns
delta: 219365070 ns
delta: 219426734 ns
delta: 219385606 ns
delta: 217776658 ns
delta: 216059431 ns
delta: 221590218 ns
delta: 218258571 ns
delta: 220387652 ns
delta: 218717868 ns
delta: 218192709 ns
delta: 218500513 ns
delta: 217456528 ns
delta: 218243105 ns
delta: 218758329 ns
delta: 219128764 ns
delta: 217506673 ns
delta: 216606621 ns
delta: 216954487 ns
delta: 218243492 ns
delta: 217909380 ns
delta: 220585876 ns
delta: 217950171 ns
delta: 217345770 ns
delta: 219016213 ns
delta: 221403783 ns
delta: 220816835 ns
delta: 220589419 ns
delta: 220721992 ns
delta: 221015486 ns
delta: 220684217 ns
delta: 221322628 ns
delta: 220808117 ns
delta: 220857248 ns
delta: 220378246 ns
delta: 220088774 ns
delta: 221004851 ns
delta: 220803762 ns
delta: 220649793 ns
delta: 220734910 ns
delta: 221455182 ns
delta: 220925898 ns
delta: 219968279 ns
delta: 220598339 ns
delta: 221259058 ns
delta: 219971409 ns
delta: 220994759 ns
delta: 220451236 ns
delta: 221065883 ns
delta: 220677873 ns
delta: 220165190 ns
delta: 220143079 ns
delta: 220178371 ns
delta: 220735340 ns
delta: 220767188 ns
delta: 220138955 ns
delta: 220092668 ns
delta: 220833979 ns
delta: 220538529 ns
delta: 220743002 ns
delta: 220552373 ns
delta: 220924574 ns
delta: 221402648 ns
delta: 220708317 ns
delta: 221186198 ns
delta: 219338004 ns
delta: 221278646 ns
delta: 220813726 ns
delta: 220996581 ns
delta: 220473477 ns
delta: 220601860 ns
delta: 220704840 ns
delta: 221237273 ns
delta: 220289757 ns
delta: 220405255 ns
delta: 220908333 ns
delta: 220686690 ns
delta: 221085889 ns
delta: 220646856 ns
delta: 221447909 ns
delta: 220669143 ns
delta: 221128711 ns
delta: 220715442 ns
delta: 221132111 ns
delta: 220804336 ns
delta: 221592626 ns
delta: 220723613 ns
delta: 219481680 ns
delta: 220918645 ns
delta: 220612251 ns
delta: 221089568 ns
delta: 220888831 ns
delta: 221608290 ns
delta: 220764733 ns
delta: 221334301 ns
delta: 220730468 ns
delta: 221145784 ns
delta: 220866331 ns
delta: 220478684 ns
delta: 220362254 ns
delta: 221287231 ns
delta: 221357174 ns
delta: 220643576 ns
delta: 220863475 ns
delta: 220872125 ns
delta: 221054410 ns
delta: 220661781 ns
delta: 221380812 ns
delta: 220524290 ns
delta: 220728124 ns
delta: 220664363 ns
delta: 220026221 ns
delta: 220775244 ns
delta: 220964422 ns
delta: 220521001 ns
delta: 221414684 ns
delta: 220660414 ns
delta: 220470781 ns
delta: 220619120 ns
delta: 221078966 ns
delta: 220144733 ns
delta: 220944833 ns
delta: 220994146 ns
delta: 221002874 ns
delta: 219499200 ns
delta: 221015597 ns
delta: 220700823 ns
delta: 221429062 ns
delta: 220388429 ns
delta: 221234393 ns
delta: 220670666 ns
delta: 220858373 ns
delta: 220471956 ns
delta: 221259219 ns
delta: 220484089 ns
delta: 221224869 ns
delta: 220733614 ns
delta: 220934817 ns
delta: 219932759 ns
delta: 221091916 ns
delta: 220621914 ns
delta: 221172047 ns
delta: 221082946 ns
delta: 220789006 ns
delta: 217450132 ns
delta: 220451818 ns
delta: 220692048 ns
delta: 220696280 ns
delta: 220591640 ns
delta: 221179108 ns
delta: 220732837 ns
delta: 220583843 ns
delta: 220825192 ns
delta: 221682319 ns
delta: 220739720 ns
delta: 221004224 ns
delta: 218834184 ns
delta: 220902224 ns
delta: 220727330 ns
delta: 221277794 ns
delta: 220602196 ns
delta: 220928741 ns
delta: 220582456 ns
delta: 220194062 ns
delta: 220677710 ns
delta: 221202701 ns
delta: 220384958 ns
delta: 221215127 ns
delta: 220922515 ns
delta: 220484264 ns
delta: 220824761 ns
delta: 221048150 ns
delta: 220442518 ns
delta: 220533267 ns
delta: 220785593 ns
delta: 220576404 ns
delta: 220037661 ns
delta: 221245550 ns
delta: 220227814 ns
delta: 220781933 ns
delta: 220577827 ns
delta: 221361361 ns
delta: 220782825 ns
delta: 220693050 ns
delta: 220634455 ns
delta: 221665436 ns
delta: 220749909 ns
delta: 220221151 ns
delta: 220823366 ns
delta: 220986318 ns
delta: 219623177 ns
delta: 221405533 ns
delta: 220662444 ns
delta: 221142891 ns
delta: 220677753 ns
delta: 221044109 ns
delta: 218270195 ns
delta: 220438327 ns
delta: 218960732 ns
delta: 221029695 ns
delta: 220909441 ns
delta: 221642731 ns
delta: 220769909 ns
delta: 221703647 ns
delta: 220449721 ns
delta: 220500298 ns
delta: 220602930 ns
delta: 220894867 ns
delta: 220849462 ns
delta: 220657342 ns
delta: 220419839 ns
delta: 221483595 ns
delta: 220750540 ns
delta: 220998268 ns
delta: 220302925 ns
delta: 221182083 ns
delta: 220635402 ns
delta: 221004057 ns
delta: 220800981 ns
delta: 221355019 ns
delta: 219923248 ns
delta: 220612746 ns
delta: 220667641 ns
delta: 221090262 ns
delta: 218767192 ns
delta: 220834581 ns
delta: 220796794 ns
delta: 221227916 ns
delta: 220691028 ns
delta: 221526022 ns
delta: 220666399 ns
delta: 221524572 ns
delta: 220472696 ns
delta: 221195657 ns
delta: 220630669 ns
delta: 220798732 ns
delta: 219639059 ns
delta: 220739259 ns
delta: 220378814 ns
delta: 221129560 ns
delta: 220334044 ns
delta: 220565307 ns
delta: 220601745 ns
delta: 221307765 ns
delta: 220654729 ns
delta: 221154490 ns
delta: 220349467 ns
delta: 220799476 ns
delta: 220782456 ns
delta: 221657092 ns
delta: 220853862 ns
delta: 220848410 ns
delta: 220997448 ns
delta: 221091818 ns
delta: 220780925 ns
delta: 220735648 ns
delta: 220752577 ns
delta: 220475424 ns
delta: 220197582 ns
delta: 220668496 ns
delta: 221412031 ns
delta: 220230170 ns
delta: 221329235 ns
delta: 220871455 ns
delta: 220956266 ns
delta: 220222446 ns
delta: 221238363 ns
delta: 220656050 ns
delta: 221055364 ns
delta: 220126135 ns
delta: 220993732 ns
delta: 220800072 ns
delta: 221161280 ns
delta: 219999543 ns
delta: 220549287 ns
delta: 220777291 ns
delta: 221209136 ns
delta: 220825689 ns
delta: 221079470 ns
delta: 220602895 ns
delta: 220889022 ns
delta: 220843838 ns
delta: 219853217 ns
delta: 220009073 ns
delta: 220832966 ns
delta: 220689747 ns
delta: 221364511 ns
delta: 220284051 ns
delta: 221150653 ns
delta: 220730865 ns
delta: 221082416 ns
delta: 220780532 ns
delta: 221784906 ns
delta: 220802928 ns
delta: 221088506 ns
delta: 220788382 ns
delta: 221181402 ns
delta: 220662568 ns
delta: 220916837 ns
delta: 220663790 ns
delta: 221293041 ns
delta: 219470040 ns
delta: 221114976 ns
delta: 220544601 ns
delta: 221141141 ns
delta: 220683357 ns
delta: 219250890 ns
delta: 217208729 ns
delta: 220031312 ns
delta: 220235831 ns
delta: 217807756 ns
delta: 219233718 ns
delta: 217879036 ns
delta: 220837362 ns
delta: 217065868 ns
delta: 219415402 ns
delta: 219029872 ns
delta: 218036027 ns
delta: 218028248 ns
delta: 217122616 ns
delta: 218535358 ns
delta: 216764096 ns
delta: 217853710 ns
delta: 218078309 ns
delta: 219775256 ns
delta: 217158137 ns
delta: 220221778 ns
delta: 218421453 ns
delta: 219565637 ns
delta: 217049916 ns
delta: 215382434 ns
delta: 217648577 ns
delta: 218003792 ns
delta: 217043419 ns
delta: 219965658 ns
delta: 215997160 ns
delta: 216689104 ns
delta: 220387992 ns
delta: 218495790 ns
delta: 214959376 ns
delta: 217419272 ns
delta: 218147212 ns
delta: 219882237 ns
delta: 217786089 ns
delta: 217285391 ns
delta: 218495794 ns
delta: 220221502 ns
delta: 216707203 ns
delta: 221700882 ns
delta: 216795287 ns
delta: 216261953 ns
delta: 216803203 ns
delta: 220589064 ns
delta: 219276550 ns
delta: 221056536 ns
delta: 220271194 ns
delta: 220451733 ns
delta: 220718273 ns
delta: 220811643 ns
delta: 220254092 ns
delta: 220992806 ns
delta: 221247787 ns
delta: 220640915 ns
delta: 221386351 ns
delta: 220305488 ns
delta: 220732476 ns
delta: 220720172 ns
delta: 220927104 ns
delta: 220781369 ns
delta: 221231900 ns
delta: 220471703 ns
delta: 221575952 ns
delta: 220642255 ns
delta: 221590102 ns
delta: 220464592 ns
delta: 221168633 ns
delta: 220318208 ns
delta: 220730265 ns
delta: 221271540 ns
delta: 221140337 ns
delta: 220750999 ns
delta: 221098258 ns
delta: 220759320 ns
delta: 221151115 ns
delta: 220701763 ns
delta: 220781358 ns
delta: 220004488 ns
delta: 220990765 ns
delta: 220535593 ns
delta: 221077748 ns
delta: 220815131 ns
delta: 220902888 ns
delta: 220035042 ns
delta: 220939625 ns
delta: 220693748 ns
delta: 221139395 ns
delta: 220726504 ns
delta: 220816590 ns
delta: 220694627 ns
delta: 221320459 ns
delta: 220933872 ns
delta: 221168463 ns
delta: 220800463 ns
delta: 220624778 ns
delta: 220832366 ns
delta: 220818133 ns
delta: 220729374 ns
delta: 221380481 ns
delta: 220697881 ns
delta: 221431387 ns
delta: 220250273 ns
delta: 221113943 ns
delta: 220794291 ns
delta: 220842903 ns
delta: 220904447 ns
delta: 221166941 ns
delta: 220495881 ns
delta: 221096727 ns
delta: 220522612 ns
delta: 221072104 ns
delta: 220407180 ns
delta: 221387358 ns
delta: 220715479 ns
delta: 220754580 ns
delta: 220837631 ns
delta: 221192733 ns
delta: 220784285 ns
delta: 221436246 ns
delta: 221143568 ns
delta: 220942688 ns
delta: 220762443 ns
delta: 221188054 ns
delta: 220654055 ns
delta: 220767356 ns
delta: 220703832 ns
delta: 220728617 ns
delta: 220726155 ns
delta: 221695678 ns
delta: 220748904 ns
delta: 221152411 ns
delta: 221017372 ns
delta: 220996331 ns
delta: 220719897 ns
delta: 220480052 ns
delta: 220300689 ns
delta: 221161132 ns
delta: 220906239 ns
delta: 220676452 ns
delta: 220746273 ns
delta: 221332618 ns
delta: 220653547 ns
delta: 219758111 ns
delta: 219946772 ns
delta: 220689171 ns
delta: 219594730 ns
delta: 221217780 ns
delta: 219681913 ns
delta: 220516910 ns
delta: 220222184 ns
delta: 221281485 ns
delta: 220678266 ns
delta: 221110145 ns
delta: 220708656 ns
delta: 221692821 ns
delta: 220995118 ns
delta: 221023233 ns
delta: 220682185 ns
delta: 221439802 ns
delta: 220647794 ns
delta: 220697418 ns
delta: 220468388 ns
delta: 221281895 ns
delta: 220230395 ns
delta: 221584788 ns
delta: 220559871 ns
delta: 221060038 ns
delta: 220819905 ns
delta: 221312080 ns
delta: 220488712 ns
delta: 221172412 ns
delta: 220787863 ns
delta: 220917550 ns
delta: 220770726 ns
delta: 221509076 ns
delta: 220824638 ns
delta: 220865669 ns
delta: 220833212 ns
delta: 221291673 ns
delta: 220726409 ns
delta: 220763694 ns
delta: 221532026 ns
delta: 220742446 ns
delta: 220856527 ns
delta: 220760282 ns
delta: 221060483 ns
delta: 220760443 ns
delta: 221066252 ns
delta: 220746197 ns
delta: 221079848 ns
delta: 220548450 ns
delta: 220528203 ns
delta: 220805569 ns
delta: 220747090 ns
delta: 220599766 ns
delta: 220749921 ns
delta: 221200839 ns
delta: 221184322 ns
delta: 220272880 ns
delta: 221314656 ns
delta: 220229217 ns
delta: 221042995 ns
delta: 220868071 ns
delta: 221626925 ns
delta: 220771232 ns
delta: 221100082 ns
delta: 220788634 ns
delta: 221569903 ns
delta: 220740922 ns
delta: 221038503 ns
delta: 220782917 ns
delta: 220534189 ns
delta: 220246215 ns
delta: 220621731 ns
delta: 220733062 ns
delta: 221070273 ns
delta: 220612946 ns
delta: 220349650 ns
delta: 220928667 ns
delta: 220142079 ns
delta: 220896606 ns
delta: 220435905 ns
delta: 220722650 ns
delta: 220719165 ns
delta: 221349126 ns
delta: 220566581 ns
delta: 221234677 ns
delta: 220816660 ns
delta: 221370138 ns
delta: 220742323 ns
delta: 219658524 ns
delta: 220821992 ns
delta: 221318276 ns
delta: 221171606 ns
delta: 220701166 ns
delta: 220914680 ns
delta: 220058181 ns
delta: 221572788 ns
delta: 220542258 ns
delta: 220850580 ns
delta: 220078941 ns
delta: 221170402 ns
delta: 219772050 ns
delta: 220406568 ns
delta: 220729709 ns
delta: 221332021 ns
delta: 220806509 ns
delta: 220635563 ns
delta: 220654015 ns
delta: 221111639 ns
delta: 220832531 ns
delta: 220741996 ns
delta: 220593165 ns
delta: 220922997 ns
delta: 220600294 ns
delta: 221463704 ns
delta: 219838190 ns
delta: 220582503 ns
delta: 220186517 ns
delta: 221467771 ns
delta: 220149108 ns
delta: 220165639 ns
delta: 219975483 ns
delta: 221421627 ns
delta: 220590534 ns
delta: 221197697 ns
delta: 220567360 ns
delta: 220251859 ns
delta: 220641787 ns
delta: 220613916 ns
delta: 220898020 ns
delta: 221092189 ns
delta: 220960917 ns
delta: 220624553 ns
delta: 219152887 ns
delta: 220675590 ns
delta: 221382001 ns
delta: 220501616 ns
delta: 219645987 ns
delta: 220245433 ns
delta: 221080593 ns
delta: 220825220 ns
delta: 221160293 ns
delta: 220686621 ns
delta: 221050139 ns
delta: 220783593 ns
delta: 221424993 ns
delta: 220809741 ns
delta: 220754985 ns
delta: 221287877 ns
delta: 220715627 ns
delta: 221164990 ns
delta: 220538554 ns
delta: 221101568 ns
delta: 220647556 ns
delta: 221346840 ns
delta: 220859632 ns
delta: 220826118 ns
delta: 220625196 ns
delta: 221248839 ns
delta: 220866451 ns
delta: 221291795 ns
delta: 220797678 ns
delta: 220952973 ns
delta: 220622334 ns
delta: 219781970 ns
delta: 216716467 ns
delta: 220093490 ns
delta: 216253157 ns
delta: 217315172 ns
delta: 217790520 ns
delta: 217935797 ns
delta: 219723581 ns
delta: 218023656 ns
delta: 217328793 ns
delta: 219049997 ns
delta: 219704061 ns
delta: 219816913 ns
delta: 215392666 ns
delta: 218539317 ns
delta: 218667479 ns
delta: 216409677 ns
delta: 216025157 ns
delta: 219883888 ns
delta: 220327576 ns
delta: 218591693 ns
delta: 215984227 ns
delta: 218780883 ns
delta: 220663760 ns
delta: 219344289 ns
delta: 220313283 ns
delta: 215583998 ns
delta: 216917838 ns
delta: 215780171 ns
delta: 217726879 ns
delta: 215151264 ns
delta: 219301071 ns
delta: 219697590 ns
delta: 218526519 ns
delta: 217960937 ns
delta: 214188869 ns
delta: 217424326 ns
delta: 219782491 ns
delta: 219276470 ns
delta: 218279206 ns
delta: 215758123 ns
delta: 214237730 ns
delta: 218677745 ns
delta: 218474231 ns
delta: 216811049 ns
delta: 217019653 ns
delta: 214777338 ns
delta: 218888584 ns
delta: 215562839 ns
delta: 218274573 ns
delta: 218060365 ns
delta: 219657786 ns
delta: 219091331 ns
delta: 218898770 ns
delta: 217964114 ns
delta: 217192813 ns
delta: 218343366 ns
delta: 215581455 ns
delta: 215506902 ns
delta: 217444811 ns
delta: 217210276 ns
delta: 219372113 ns
delta: 217147554 ns
delta: 216757605 ns
delta: 217859294 ns
delta: 213584689 ns
delta: 217889397 ns
delta: 220646139 ns
delta: 217142032 ns
delta: 215708351 ns
delta: 217733208 ns
delta: 219083959 ns
delta: 217989750 ns
delta: 219462099 ns
delta: 220631897 ns
delta: 218464746 ns
delta: 215930197 ns
delta: 217659263 ns
delta: 220119970 ns
delta: 215956385 ns
delta: 220024257 ns
delta: 219858487 ns
delta: 219869842 ns
delta: 216067566 ns
delta: 216578166 ns
delta: 220480646 ns
delta: 216191567 ns
delta: 220017949 ns
delta: 220607272 ns
delta: 221263342 ns
delta: 219760992 ns
delta: 220702777 ns
delta: 220016663 ns
delta: 220563272 ns
delta: 221051064 ns
delta: 220194369 ns
delta: 221078125 ns
delta: 220405601 ns
delta: 221348483 ns
delta: 220623072 ns
delta: 215886912 ns
delta: 220471027 ns
delta: 220286436 ns
delta: 220337759 ns
delta: 220283089 ns
delta: 221166003 ns
delta: 220717797 ns
delta: 221246570 ns
delta: 220768257 ns
delta: 221231406 ns
delta: 220267409 ns
delta: 219488500 ns
delta: 220788528 ns
delta: 220921901 ns
delta: 221200109 ns
delta: 220282452 ns
delta: 221028073 ns
delta: 220792777 ns
delta: 220413300 ns
delta: 220593949 ns
delta: 221867508 ns
delta: 220794588 ns
delta: 221208920 ns
delta: 220370717 ns
delta: 220908716 ns
delta: 220661097 ns
delta: 220609901 ns
delta: 220275703 ns
delta: 220360364 ns
delta: 220472653 ns
delta: 221616532 ns
delta: 220630292 ns
delta: 220994772 ns
delta: 220287321 ns
delta: 221010383 ns
delta: 220734932 ns
delta: 221020380 ns
delta: 220163637 ns
delta: 221292098 ns
delta: 220755057 ns
delta: 221396778 ns
delta: 220761321 ns
delta: 220863588 ns
delta: 220644191 ns
delta: 221795133 ns
delta: 220946462 ns
delta: 220980460 ns
delta: 221133878 ns
delta: 219602915 ns
delta: 221241512 ns
delta: 220719442 ns
delta: 220681413 ns
delta: 220717078 ns
delta: 221363447 ns
delta: 220532009 ns
delta: 220438248 ns
delta: 220802321 ns
delta: 220948099 ns
delta: 220320874 ns
delta: 220366685 ns
delta: 220650948 ns
delta: 219774358 ns
delta: 220802253 ns
delta: 221685735 ns
delta: 220781940 ns
delta: 220258186 ns
delta: 220951895 ns
delta: 220777685 ns
delta: 220369418 ns
delta: 221344898 ns
delta: 220896928 ns
delta: 220905914 ns
delta: 220769435 ns
delta: 220718268 ns
delta: 219952970 ns
delta: 220707015 ns
delta: 220966764 ns
delta: 221005502 ns
delta: 220234710 ns
delta: 221427627 ns
delta: 220451845 ns
delta: 220749888 ns
delta: 220730154 ns
delta: 220740073 ns
delta: 220683934 ns
delta: 219957774 ns
delta: 220439673 ns
delta: 218556714 ns
delta: 219873537 ns
delta: 220983537 ns
delta: 220697176 ns
delta: 221000941 ns
delta: 220830569 ns
delta: 221212213 ns
delta: 220741892 ns
delta: 220829256 ns
delta: 219768272 ns
delta: 221698703 ns
delta: 220492456 ns
delta: 221119599 ns
delta: 220712688 ns
delta: 221300648 ns
delta: 220963171 ns
delta: 221281767 ns
delta: 220229982 ns
delta: 221023486 ns
delta: 220776704 ns
delta: 221235680 ns
delta: 220182257 ns
delta: 221067422 ns
delta: 220786514 ns
delta: 221809376 ns
delta: 220718834 ns
delta: 221497853 ns
delta: 220563669 ns
delta: 221299686 ns
delta: 220836577 ns
delta: 220821053 ns
delta: 221192711 ns
delta: 220891346 ns
delta: 220763389 ns
delta: 221296022 ns
delta: 220052743 ns
delta: 221131760 ns
delta: 220608203 ns
delta: 220942271 ns
delta: 220677812 ns
delta: 219695706 ns
delta: 220240632 ns
delta: 221748966 ns
delta: 220858359 ns
delta: 220344165 ns
delta: 220277546 ns
delta: 221410633 ns
delta: 220594182 ns
delta: 220980965 ns
delta: 220542499 ns
delta: 219532982 ns
delta: 220163257 ns
delta: 220994364 ns
delta: 220671258 ns
delta: 220647725 ns
delta: 220589090 ns
delta: 221125052 ns
delta: 220054639 ns
delta: 220240103 ns
delta: 220218140 ns
delta: 221479542 ns
delta: 220471433 ns
delta: 220872078 ns
delta: 219696501 ns
delta: 220206127 ns
delta: 220166078 ns
delta: 220787561 ns
delta: 220188964 ns
delta: 220651080 ns
delta: 220756636 ns
delta: 221376795 ns
delta: 219725624 ns
delta: 220775572 ns
delta: 220764265 ns
delta: 221120362 ns
delta: 220636149 ns
delta: 221269418 ns
delta: 220735129 ns
delta: 220757760 ns
delta: 218843885 ns
delta: 220449505 ns
delta: 220419093 ns
delta: 221526734 ns
delta: 220628022 ns
delta: 221334005 ns
delta: 220722348 ns
delta: 220602631 ns
delta: 220605746 ns
delta: 221104574 ns
delta: 219955251 ns
delta: 221086159 ns
delta: 220520917 ns
delta: 220548770 ns
delta: 220783754 ns
delta: 220649964 ns
delta: 220457276 ns
delta: 220162984 ns
delta: 220697974 ns
delta: 220648493 ns
delta: 220375123 ns
delta: 221089049 ns
delta: 220950027 ns
delta: 220773694 ns
delta: 220637976 ns
delta: 220655599 ns
delta: 220899941 ns
delta: 220497003 ns
delta: 221463881 ns
delta: 220159158 ns
delta: 220236908 ns
delta: 220710658 ns
delta: 221322365 ns
delta: 220284367 ns
delta: 220970797 ns
delta: 220723466 ns
delta: 221138520 ns
delta: 220389123 ns
delta: 221593841 ns
delta: 220759317 ns
delta: 221431351 ns
delta: 220912205 ns
delta: 221299122 ns
delta: 220805143 ns
delta: 221224004 ns
delta: 220734905 ns
delta: 221179047 ns
delta: 221252740 ns
delta: 219249940 ns
delta: 220704149 ns
delta: 219732161 ns
delta: 220903836 ns
delta: 220751086 ns
delta: 220716532 ns
delta: 220612830 ns
delta: 220866883 ns
delta: 219701730 ns
delta: 220193473 ns
delta: 221222264 ns
max jitter: 8.282819 ms

Thu May 16 11:36:34 CEST 2019
The sched_jitter test appears to have completed.
