--- Running testcase sched_jitter  ---
Thu May 16 11:41:51 CEST 2019
Logging to /home/iocuser/projects/e3-tools/rt_conf/ltp/testcases/realtime/logs/mcag-epics9-x86_64-3.10.0-957.12.1.rt56.927.el7.x86_64-2019-05-16-sched_jitter.log
delta: 40855038 ns
delta: 40850888 ns
delta: 40823804 ns
delta: 40841329 ns
delta: 40843639 ns
delta: 40788514 ns
delta: 40845038 ns
delta: 40853378 ns
delta: 40831827 ns
delta: 40835471 ns
delta: 40832767 ns
delta: 40800127 ns
delta: 40851261 ns
delta: 40851936 ns
delta: 40811233 ns
delta: 40833829 ns
delta: 40824764 ns
delta: 40787830 ns
delta: 40847834 ns
delta: 40844611 ns
delta: 40849299 ns
delta: 40840715 ns
delta: 40839810 ns
delta: 40797549 ns
delta: 40800983 ns
delta: 40835985 ns
delta: 40849369 ns
delta: 40848492 ns
delta: 40851105 ns
delta: 40825473 ns
delta: 40811278 ns
delta: 40838739 ns
delta: 40829960 ns
delta: 40843687 ns
delta: 40844275 ns
delta: 40823706 ns
delta: 40813178 ns
delta: 40849565 ns
delta: 40822844 ns
delta: 40850361 ns
delta: 40841788 ns
delta: 40840716 ns
delta: 40794653 ns
delta: 40832984 ns
delta: 40830815 ns
delta: 40847322 ns
delta: 40843693 ns
delta: 40831726 ns
delta: 40794680 ns
delta: 40841310 ns
delta: 40837156 ns
delta: 40857313 ns
delta: 40859622 ns
delta: 40832260 ns
delta: 40789398 ns
delta: 40853624 ns
delta: 40840315 ns
delta: 40832215 ns
delta: 40833872 ns
delta: 40843263 ns
delta: 40797441 ns
delta: 40840724 ns
delta: 40841756 ns
delta: 40831423 ns
delta: 40831557 ns
delta: 40831772 ns
delta: 40806303 ns
delta: 40837930 ns
delta: 40832106 ns
delta: 40835650 ns
delta: 40847644 ns
delta: 40842351 ns
delta: 40788901 ns
delta: 40863676 ns
delta: 40845529 ns
delta: 40852965 ns
delta: 40834400 ns
delta: 40858158 ns
delta: 40853648 ns
delta: 40787306 ns
delta: 40842207 ns
delta: 40843924 ns
delta: 40862210 ns
delta: 40853810 ns
delta: 40857531 ns
delta: 40819571 ns
delta: 40846818 ns
delta: 40837968 ns
delta: 40856208 ns
delta: 40849634 ns
delta: 40849934 ns
delta: 40851327 ns
delta: 40789114 ns
delta: 40840758 ns
delta: 40856779 ns
delta: 40860105 ns
delta: 40843757 ns
delta: 40837533 ns
delta: 40792074 ns
delta: 40820024 ns
delta: 40838781 ns
delta: 40839554 ns
delta: 40845417 ns
delta: 40833133 ns
delta: 40788111 ns
delta: 40855564 ns
delta: 40830934 ns
delta: 40838800 ns
delta: 40852458 ns
delta: 40872167 ns
delta: 40801331 ns
delta: 40799668 ns
delta: 40829930 ns
delta: 40854973 ns
delta: 40816387 ns
delta: 40838365 ns
delta: 40803022 ns
delta: 40841836 ns
delta: 40846723 ns
delta: 40831979 ns
delta: 40830470 ns
delta: 40854830 ns
delta: 40830455 ns
delta: 40813525 ns
delta: 40812455 ns
delta: 40848430 ns
delta: 40836878 ns
delta: 40837181 ns
delta: 40823473 ns
delta: 40821712 ns
delta: 40841501 ns
delta: 40859320 ns
delta: 40838948 ns
delta: 40828224 ns
delta: 40828108 ns
delta: 40805965 ns
delta: 40825590 ns
delta: 40841495 ns
delta: 40845655 ns
delta: 40843833 ns
delta: 40846280 ns
delta: 40780105 ns
delta: 40856347 ns
delta: 40847414 ns
delta: 40852555 ns
delta: 40846748 ns
delta: 40845675 ns
delta: 40782189 ns
delta: 40852264 ns
delta: 40836574 ns
delta: 40827007 ns
delta: 40850743 ns
delta: 40834046 ns
delta: 40842178 ns
delta: 40855595 ns
delta: 40856645 ns
delta: 40849519 ns
delta: 40850591 ns
delta: 40840667 ns
delta: 40833924 ns
delta: 40792917 ns
delta: 40825660 ns
delta: 40821987 ns
delta: 40833909 ns
delta: 40838735 ns
delta: 40846721 ns
delta: 40803800 ns
delta: 40854233 ns
delta: 40841977 ns
delta: 40846269 ns
delta: 40857242 ns
delta: 40847294 ns
delta: 40797113 ns
delta: 40783696 ns
delta: 40845155 ns
delta: 40825425 ns
delta: 40828896 ns
delta: 40838289 ns
delta: 40774787 ns
delta: 40829421 ns
delta: 40833524 ns
delta: 40836556 ns
delta: 40821742 ns
delta: 40822856 ns
delta: 40782610 ns
delta: 40841147 ns
delta: 40833384 ns
delta: 40823481 ns
delta: 40823656 ns
delta: 40855213 ns
delta: 40766574 ns
delta: 40820649 ns
delta: 40842511 ns
delta: 40843404 ns
delta: 40824627 ns
delta: 40771597 ns
delta: 40856458 ns
delta: 40813796 ns
delta: 40833631 ns
delta: 40825796 ns
delta: 40851109 ns
delta: 40803828 ns
delta: 40867937 ns
delta: 40912914 ns
delta: 40873194 ns
delta: 40869580 ns
delta: 40880297 ns
delta: 40860112 ns
delta: 40867683 ns
delta: 40816293 ns
delta: 40857766 ns
delta: 40857042 ns
delta: 40832380 ns
delta: 40845055 ns
delta: 40852206 ns
delta: 40828760 ns
delta: 41226058 ns
delta: 40829022 ns
delta: 40800031 ns
delta: 40846800 ns
delta: 40858075 ns
delta: 40849689 ns
delta: 40835172 ns
delta: 40848489 ns
delta: 40804574 ns
delta: 40854085 ns
delta: 40853490 ns
delta: 40838135 ns
delta: 40839296 ns
delta: 40845545 ns
delta: 40845504 ns
delta: 40798213 ns
delta: 40848449 ns
delta: 40845348 ns
delta: 40845286 ns
delta: 40844431 ns
delta: 40855392 ns
delta: 40796548 ns
delta: 40830802 ns
delta: 40852171 ns
delta: 40841052 ns
delta: 40838579 ns
delta: 40846346 ns
delta: 40807721 ns
delta: 40836087 ns
delta: 40831117 ns
delta: 40837135 ns
delta: 40847644 ns
delta: 40843547 ns
delta: 40794712 ns
delta: 40850604 ns
delta: 40870508 ns
delta: 40843197 ns
delta: 40833492 ns
delta: 40853900 ns
delta: 40844801 ns
delta: 40790734 ns
delta: 40848382 ns
delta: 40833831 ns
delta: 40833235 ns
delta: 40841123 ns
delta: 40846221 ns
delta: 40790217 ns
delta: 40845617 ns
delta: 40836884 ns
delta: 40843082 ns
delta: 40858542 ns
delta: 40809120 ns
delta: 40785002 ns
delta: 40825552 ns
delta: 40838804 ns
delta: 40858674 ns
delta: 40842884 ns
delta: 40839047 ns
delta: 40788979 ns
delta: 40832864 ns
delta: 40858261 ns
delta: 40847325 ns
delta: 40838616 ns
delta: 40851273 ns
delta: 40795400 ns
delta: 40831585 ns
delta: 40835502 ns
delta: 40839812 ns
delta: 40834425 ns
delta: 40839320 ns
delta: 40799498 ns
delta: 40841720 ns
delta: 40829882 ns
delta: 40823268 ns
delta: 40848690 ns
delta: 40850071 ns
delta: 40790497 ns
delta: 40833775 ns
delta: 40843155 ns
delta: 40849882 ns
delta: 40851708 ns
delta: 40845976 ns
delta: 40837527 ns
delta: 40805799 ns
delta: 40842295 ns
delta: 40855996 ns
delta: 40849445 ns
delta: 40833974 ns
delta: 40840257 ns
delta: 40800302 ns
delta: 40857815 ns
delta: 40851065 ns
delta: 40852622 ns
delta: 40856798 ns
delta: 40841573 ns
delta: 40806088 ns
delta: 40847248 ns
delta: 40843013 ns
delta: 40846997 ns
delta: 40851258 ns
delta: 40829363 ns
delta: 40806457 ns
delta: 40797834 ns
delta: 40844462 ns
delta: 40820411 ns
delta: 40827633 ns
delta: 40834225 ns
delta: 40784608 ns
delta: 40835347 ns
delta: 40841992 ns
delta: 40837166 ns
delta: 40854577 ns
delta: 40839843 ns
delta: 40802546 ns
delta: 40821396 ns
delta: 40859377 ns
delta: 40840826 ns
delta: 40845345 ns
delta: 40841376 ns
delta: 40847281 ns
delta: 40805257 ns
delta: 40859327 ns
delta: 40863238 ns
delta: 40848565 ns
delta: 40840556 ns
delta: 40850215 ns
delta: 40780202 ns
delta: 40839107 ns
delta: 40849892 ns
delta: 40849934 ns
delta: 40847489 ns
delta: 40844222 ns
delta: 40852608 ns
delta: 40801013 ns
delta: 40841316 ns
delta: 40826534 ns
delta: 40824858 ns
delta: 40836912 ns
delta: 40819235 ns
delta: 40803996 ns
delta: 40838600 ns
delta: 40848246 ns
delta: 40840227 ns
delta: 40842275 ns
delta: 40804941 ns
delta: 40805109 ns
delta: 40830516 ns
delta: 40828497 ns
delta: 40818325 ns
delta: 40825692 ns
delta: 40777983 ns
delta: 40809935 ns
delta: 40820921 ns
delta: 40831597 ns
delta: 40834232 ns
delta: 40839120 ns
delta: 40800580 ns
delta: 40846496 ns
delta: 40828324 ns
delta: 40813605 ns
delta: 40819279 ns
delta: 40850941 ns
delta: 40788033 ns
delta: 40845710 ns
delta: 40833128 ns
delta: 40842747 ns
delta: 40839528 ns
delta: 40844363 ns
delta: 40798730 ns
delta: 40849022 ns
delta: 40850595 ns
delta: 40856274 ns
delta: 40854968 ns
delta: 40841059 ns
delta: 40791541 ns
delta: 40837006 ns
delta: 40825117 ns
delta: 40840300 ns
delta: 40834019 ns
delta: 40840523 ns
delta: 40788220 ns
delta: 40820817 ns
delta: 40836336 ns
delta: 40850173 ns
delta: 40833294 ns
delta: 40825954 ns
delta: 40785286 ns
delta: 40831370 ns
delta: 40837021 ns
delta: 40845069 ns
delta: 40839530 ns
delta: 40837081 ns
delta: 40781985 ns
delta: 40831650 ns
delta: 40847731 ns
delta: 40837390 ns
delta: 40823717 ns
delta: 40844034 ns
delta: 40783456 ns
delta: 40855185 ns
delta: 40848531 ns
delta: 40864407 ns
delta: 40837697 ns
delta: 40819947 ns
delta: 40787759 ns
delta: 40833096 ns
delta: 40825191 ns
delta: 40817211 ns
delta: 40843061 ns
delta: 40842884 ns
delta: 40787407 ns
delta: 40835784 ns
delta: 40855459 ns
delta: 40835854 ns
delta: 40821396 ns
delta: 40833482 ns
delta: 40999958 ns
delta: 40783111 ns
delta: 40834185 ns
delta: 40855932 ns
delta: 40836922 ns
delta: 40834958 ns
delta: 40858677 ns
delta: 40772510 ns
delta: 40817680 ns
delta: 40814876 ns
delta: 40818056 ns
delta: 40828207 ns
delta: 40818625 ns
delta: 40797085 ns
delta: 40842934 ns
delta: 40864389 ns
delta: 40846599 ns
delta: 40845051 ns
delta: 40808853 ns
delta: 40819418 ns
delta: 40819670 ns
delta: 40840776 ns
delta: 40831846 ns
delta: 40830760 ns
delta: 40820261 ns
delta: 40805577 ns
delta: 40837243 ns
delta: 40831021 ns
delta: 40847273 ns
delta: 40849157 ns
delta: 40818424 ns
delta: 40802362 ns
delta: 40869068 ns
delta: 40837254 ns
delta: 40831257 ns
delta: 40818421 ns
delta: 40809193 ns
delta: 40801887 ns
delta: 40833155 ns
delta: 40828946 ns
delta: 40832038 ns
delta: 40841390 ns
delta: 40824236 ns
delta: 40796208 ns
delta: 40846479 ns
delta: 40873128 ns
delta: 40820379 ns
delta: 40832539 ns
delta: 40814120 ns
delta: 40809974 ns
delta: 40837726 ns
delta: 40863786 ns
delta: 40845716 ns
delta: 40841157 ns
delta: 40844898 ns
delta: 40789796 ns
delta: 40856888 ns
delta: 40835013 ns
delta: 40837593 ns
delta: 40837896 ns
delta: 40831103 ns
delta: 40797582 ns
delta: 40845134 ns
delta: 40847285 ns
delta: 40839713 ns
delta: 40835512 ns
delta: 40834478 ns
delta: 40774265 ns
delta: 40819340 ns
delta: 40837344 ns
delta: 40843573 ns
delta: 40846986 ns
delta: 40849456 ns
delta: 40795812 ns
delta: 40847536 ns
delta: 40848131 ns
delta: 40848441 ns
delta: 40810632 ns
delta: 40842258 ns
delta: 40806249 ns
delta: 40839968 ns
delta: 40820172 ns
delta: 40839870 ns
delta: 40834345 ns
delta: 40838654 ns
delta: 40789758 ns
delta: 40846384 ns
delta: 40844263 ns
delta: 40824803 ns
delta: 40825024 ns
delta: 40802746 ns
delta: 40815823 ns
delta: 40835958 ns
delta: 40844098 ns
delta: 40849525 ns
delta: 40820175 ns
delta: 40821856 ns
delta: 40803569 ns
delta: 40836530 ns
delta: 40850939 ns
delta: 40830205 ns
delta: 40821033 ns
delta: 40818474 ns
delta: 40796058 ns
delta: 40842843 ns
delta: 40836917 ns
delta: 40825841 ns
delta: 40826805 ns
delta: 40793671 ns
delta: 40789502 ns
delta: 40826885 ns
delta: 40835666 ns
delta: 40842248 ns
delta: 40861186 ns
delta: 40770014 ns
delta: 40820121 ns
delta: 40804582 ns
delta: 40808061 ns
delta: 40803746 ns
delta: 40779151 ns
delta: 40804361 ns
delta: 40816477 ns
delta: 40812507 ns
delta: 40838012 ns
delta: 40845634 ns
delta: 40777611 ns
delta: 40841659 ns
delta: 40844499 ns
delta: 40840399 ns
delta: 40855407 ns
delta: 40841000 ns
delta: 40786854 ns
delta: 40850861 ns
delta: 40832671 ns
delta: 40841075 ns
delta: 40841738 ns
delta: 40830864 ns
delta: 40797834 ns
delta: 40837197 ns
delta: 40832967 ns
delta: 40835193 ns
delta: 40850445 ns
delta: 40845950 ns
delta: 40822131 ns
delta: 40819070 ns
delta: 40829847 ns
delta: 40846805 ns
delta: 40844826 ns
delta: 40844409 ns
delta: 40823655 ns
delta: 40812383 ns
delta: 40829941 ns
delta: 40837386 ns
delta: 40843329 ns
delta: 40843802 ns
delta: 40832338 ns
delta: 40784092 ns
delta: 40854079 ns
delta: 40841188 ns
delta: 40846455 ns
delta: 40836162 ns
delta: 40804085 ns
delta: 40800329 ns
delta: 40832831 ns
delta: 40831093 ns
delta: 40838573 ns
delta: 40843851 ns
delta: 40820769 ns
delta: 40782917 ns
delta: 40835993 ns
delta: 40837390 ns
delta: 40834213 ns
delta: 40840928 ns
delta: 40836045 ns
delta: 40786554 ns
delta: 40836034 ns
delta: 40841848 ns
delta: 40836766 ns
delta: 40833415 ns
delta: 40826254 ns
delta: 40822866 ns
delta: 40829868 ns
delta: 40843595 ns
delta: 40838115 ns
delta: 40837563 ns
delta: 40813427 ns
delta: 40801329 ns
delta: 40837156 ns
delta: 40834529 ns
delta: 40835371 ns
delta: 40823965 ns
delta: 40816492 ns
delta: 40807393 ns
delta: 40845109 ns
delta: 40834205 ns
delta: 40841173 ns
delta: 40844307 ns
delta: 40820240 ns
delta: 40813204 ns
delta: 40841893 ns
delta: 40848417 ns
delta: 40841975 ns
delta: 40852037 ns
delta: 40841937 ns
delta: 40791683 ns
delta: 40843486 ns
delta: 40857010 ns
delta: 40832577 ns
delta: 40851949 ns
delta: 40831281 ns
delta: 40792196 ns
delta: 40845520 ns
delta: 40828327 ns
delta: 40820022 ns
delta: 40806668 ns
delta: 40982935 ns
delta: 40791003 ns
delta: 40800424 ns
delta: 40853571 ns
delta: 40839771 ns
delta: 40847113 ns
delta: 40830042 ns
delta: 40775053 ns
delta: 40837251 ns
delta: 40857198 ns
delta: 40840750 ns
delta: 40829401 ns
delta: 41104279 ns
delta: 40849958 ns
delta: 40828479 ns
delta: 40787685 ns
delta: 40835264 ns
delta: 40845070 ns
delta: 40854164 ns
delta: 40836053 ns
delta: 40833371 ns
delta: 40782731 ns
delta: 40824123 ns
delta: 40824422 ns
delta: 40839619 ns
delta: 40842121 ns
delta: 40831162 ns
delta: 40773883 ns
delta: 40836686 ns
delta: 40844290 ns
delta: 40845032 ns
delta: 40852301 ns
delta: 40831159 ns
delta: 40795953 ns
delta: 40816139 ns
delta: 40826601 ns
delta: 40846910 ns
delta: 40920815 ns
delta: 40856324 ns
delta: 40823574 ns
delta: 40782724 ns
delta: 40844019 ns
delta: 40845900 ns
delta: 40856852 ns
delta: 40846119 ns
delta: 40839821 ns
delta: 40808423 ns
delta: 40827704 ns
delta: 40851744 ns
delta: 40839175 ns
delta: 40837639 ns
delta: 40845558 ns
delta: 40787218 ns
delta: 40831938 ns
delta: 40825251 ns
delta: 40841515 ns
delta: 40841202 ns
delta: 40856282 ns
delta: 40794257 ns
delta: 40861097 ns
delta: 40839059 ns
delta: 40809090 ns
delta: 40855065 ns
delta: 40845240 ns
delta: 40798228 ns
delta: 40848772 ns
delta: 40835999 ns
delta: 40843466 ns
delta: 40841104 ns
delta: 40840868 ns
delta: 40789803 ns
delta: 40844297 ns
delta: 40858122 ns
delta: 40856177 ns
delta: 40850339 ns
delta: 40850367 ns
delta: 40851370 ns
delta: 40766636 ns
delta: 40838550 ns
delta: 40814753 ns
delta: 40813264 ns
delta: 40829989 ns
delta: 40786671 ns
delta: 40846481 ns
delta: 40840658 ns
delta: 40834246 ns
delta: 40823653 ns
delta: 40835148 ns
delta: 40808982 ns
delta: 40849186 ns
delta: 40851100 ns
delta: 40851955 ns
delta: 40830601 ns
delta: 40838982 ns
delta: 40875319 ns
delta: 40786514 ns
delta: 40861156 ns
delta: 40837821 ns
delta: 40840417 ns
delta: 40827098 ns
delta: 40845667 ns
delta: 40776288 ns
delta: 40840963 ns
delta: 40844779 ns
delta: 40837608 ns
delta: 40842422 ns
delta: 40831371 ns
delta: 40787913 ns
delta: 40845293 ns
delta: 40830578 ns
delta: 40839527 ns
delta: 40850698 ns
delta: 40840635 ns
delta: 40796303 ns
delta: 40850319 ns
delta: 40839554 ns
delta: 40830758 ns
delta: 40839411 ns
delta: 40831063 ns
delta: 40788668 ns
delta: 40838485 ns
delta: 40845301 ns
delta: 40838930 ns
delta: 40854428 ns
delta: 40831981 ns
delta: 40771994 ns
delta: 40817983 ns
delta: 40818549 ns
delta: 40834062 ns
delta: 40825150 ns
delta: 40848810 ns
delta: 40793457 ns
delta: 40841725 ns
delta: 40837050 ns
delta: 40819092 ns
delta: 40820818 ns
delta: 40833144 ns
delta: 40802014 ns
delta: 40823957 ns
delta: 40851378 ns
delta: 40844448 ns
delta: 40841082 ns
delta: 40816092 ns
delta: 40804893 ns
delta: 40839974 ns
delta: 40846878 ns
delta: 40850016 ns
delta: 40829009 ns
delta: 40848482 ns
delta: 40787325 ns
delta: 40839465 ns
delta: 40843160 ns
delta: 40848748 ns
delta: 40844104 ns
delta: 40853762 ns
delta: 40790216 ns
delta: 40845636 ns
delta: 40832903 ns
delta: 40843430 ns
delta: 40835855 ns
delta: 40849525 ns
delta: 40809727 ns
delta: 40832757 ns
delta: 40827785 ns
delta: 40859252 ns
delta: 40857727 ns
delta: 40846478 ns
delta: 40789332 ns
delta: 40832780 ns
delta: 40839237 ns
delta: 40844179 ns
delta: 40860612 ns
delta: 40851037 ns
delta: 40818604 ns
delta: 40815701 ns
delta: 40835356 ns
delta: 40842677 ns
delta: 40842822 ns
delta: 40846875 ns
delta: 40839503 ns
delta: 40795048 ns
delta: 40831121 ns
delta: 40840765 ns
delta: 40849516 ns
delta: 40884449 ns
delta: 40831344 ns
delta: 40802065 ns
delta: 40848815 ns
delta: 40852944 ns
delta: 40847278 ns
delta: 40843113 ns
delta: 40835365 ns
delta: 40831491 ns
delta: 40804436 ns
delta: 40846662 ns
delta: 40826173 ns
delta: 40836695 ns
delta: 40881748 ns
delta: 40811025 ns
delta: 40799695 ns
delta: 40850427 ns
delta: 40823288 ns
delta: 40817309 ns
delta: 40841077 ns
delta: 40811176 ns
delta: 40812024 ns
delta: 40833768 ns
delta: 40837126 ns
delta: 40833205 ns
delta: 40817463 ns
delta: 40776208 ns
delta: 40836446 ns
delta: 40851231 ns
delta: 40835190 ns
delta: 40842813 ns
delta: 40827037 ns
delta: 40983825 ns
delta: 40796524 ns
delta: 40820480 ns
delta: 40809845 ns
delta: 40831393 ns
delta: 40840010 ns
delta: 40831138 ns
delta: 40800197 ns
delta: 40830064 ns
delta: 40806370 ns
delta: 40841067 ns
delta: 40843998 ns
delta: 40830625 ns
delta: 40794987 ns
delta: 40831327 ns
delta: 40840039 ns
delta: 40839101 ns
delta: 40844605 ns
delta: 40825291 ns
delta: 40765668 ns
delta: 40842897 ns
delta: 40857759 ns
delta: 40830370 ns
delta: 40851317 ns
delta: 40840250 ns
delta: 40799203 ns
delta: 40830816 ns
delta: 40841150 ns
delta: 40851371 ns
delta: 40854814 ns
delta: 40801178 ns
delta: 40763288 ns
delta: 40837691 ns
delta: 40842214 ns
delta: 40840703 ns
delta: 40831571 ns
delta: 40813222 ns
delta: 40815941 ns
delta: 40836450 ns
delta: 40840311 ns
delta: 40837942 ns
delta: 41117608 ns
delta: 40848752 ns
delta: 40848234 ns
delta: 40835407 ns
delta: 40801444 ns
delta: 40838091 ns
delta: 40829142 ns
delta: 40830090 ns
delta: 40831447 ns
delta: 40812773 ns
delta: 40814752 ns
delta: 40827772 ns
delta: 40842291 ns
delta: 40795776 ns
delta: 40836359 ns
delta: 40793715 ns
delta: 40832253 ns
delta: 40837658 ns
delta: 40830960 ns
delta: 40840639 ns
delta: 40844777 ns
delta: 40791789 ns
delta: 40815499 ns
delta: 40841664 ns
delta: 40825865 ns
delta: 40830899 ns
delta: 40833172 ns
delta: 40784301 ns
delta: 40828556 ns
delta: 40826212 ns
delta: 40823987 ns
delta: 40857653 ns
delta: 40855592 ns
delta: 40845892 ns
delta: 40868975 ns
delta: 40862119 ns
delta: 40876838 ns
delta: 40849738 ns
delta: 40856287 ns
delta: 40858801 ns
delta: 40806962 ns
delta: 40843881 ns
delta: 40836987 ns
delta: 40832205 ns
delta: 40829241 ns
delta: 40841874 ns
delta: 40781551 ns
delta: 40832978 ns
delta: 40833520 ns
delta: 40839079 ns
delta: 40838465 ns
delta: 40832556 ns
delta: 40787741 ns
delta: 40829414 ns
delta: 40820563 ns
delta: 40819112 ns
delta: 40820488 ns
delta: 40833031 ns
delta: 40788888 ns
delta: 40833433 ns
delta: 40836384 ns
delta: 40841119 ns
delta: 40841796 ns
delta: 40835169 ns
delta: 40789169 ns
delta: 40832054 ns
delta: 40831029 ns
delta: 40840097 ns
delta: 40837871 ns
delta: 40841516 ns
delta: 40782474 ns
delta: 40836373 ns
delta: 40834801 ns
delta: 40842633 ns
delta: 40848342 ns
delta: 40844352 ns
delta: 40801066 ns
delta: 40833106 ns
delta: 40839522 ns
delta: 40832991 ns
delta: 40839339 ns
delta: 40852535 ns
delta: 40779097 ns
delta: 40838715 ns
delta: 40838964 ns
delta: 40832590 ns
delta: 40842815 ns
delta: 40840217 ns
delta: 40784724 ns
delta: 40847246 ns
delta: 40830132 ns
delta: 40839631 ns
delta: 40819944 ns
delta: 40806954 ns
delta: 40814715 ns
delta: 40839490 ns
max jitter: 462.769989 us

Thu May 16 11:42:32 CEST 2019
The sched_jitter test appears to have completed.
