--- Running testcase pthread_kill_latency -c 20  ---
Thu May 16 11:41:39 CEST 2019
Logging to /home/iocuser/projects/e3-tools/rt_conf/ltp/testcases/realtime/logs/mcag-epics9-x86_64-3.10.0-957.12.1.rt56.927.el7.x86_64-2019-05-16-pthread_kill_latency-c20.log
-------------------------------
pthread_kill Latency
-------------------------------

Iterations: 10000

Min: 2 us
Max: 45 us
Avg: 2.1114 us
StdDev: 1.5609 us
Quantiles:
99.0% < 3
99.9% < 36
99.99% < 45
Failures: 27
Criteria: Time < 20 us
Result: FAIL


Thu May 16 11:41:40 CEST 2019
The pthread_kill_latency test appears to have completed.
