--- Running testcase sched_jitter  ---
Mon Jun 10 13:56:00 CEST 2019
Logging to /home/iocuser/ics_gitsrc/e3-tools/rt_conf/ltp/testcases/realtime/logs/icslab-mtca-daq02-x86_64-3.10.0-957.12.2.rt56.929.el7.x86_64-2019-06-10-sched_jitter.log
delta: 93391673 ns
delta: 93249447 ns
delta: 94063258 ns
delta: 96027749 ns
delta: 96037276 ns
delta: 95987254 ns
delta: 95946400 ns
delta: 96079214 ns
delta: 95899761 ns
delta: 95744920 ns
delta: 95992056 ns
delta: 96134075 ns
delta: 96217897 ns
delta: 96192271 ns
delta: 95963540 ns
delta: 95909844 ns
delta: 95652631 ns
delta: 95889170 ns
delta: 96163817 ns
delta: 95924186 ns
delta: 96399755 ns
delta: 96405009 ns
delta: 95841642 ns
delta: 96105267 ns
delta: 96281455 ns
delta: 97421800 ns
delta: 97477759 ns
delta: 97379908 ns
delta: 97354418 ns
delta: 97522868 ns
delta: 97414966 ns
delta: 97289880 ns
delta: 97295598 ns
delta: 97548668 ns
delta: 97321048 ns
delta: 97445449 ns
delta: 97377937 ns
delta: 97642572 ns
delta: 97473955 ns
delta: 97507396 ns
delta: 97194061 ns
delta: 97742483 ns
delta: 97229896 ns
delta: 97429420 ns
delta: 97326492 ns
delta: 97515026 ns
delta: 97431579 ns
delta: 97306137 ns
delta: 97369281 ns
delta: 97454657 ns
delta: 98271181 ns
delta: 100829744 ns
delta: 100559965 ns
delta: 101026895 ns
delta: 100560078 ns
delta: 100681489 ns
delta: 100701772 ns
delta: 100695376 ns
delta: 100773885 ns
delta: 100985477 ns
delta: 100754297 ns
delta: 100748121 ns
delta: 100893664 ns
delta: 100672532 ns
delta: 100636810 ns
delta: 100504161 ns
delta: 100721024 ns
delta: 100778358 ns
delta: 100671981 ns
delta: 100522037 ns
delta: 100659475 ns
delta: 100749155 ns
delta: 100746779 ns
delta: 101209589 ns
delta: 100401707 ns
delta: 100682654 ns
delta: 100610609 ns
delta: 101034209 ns
delta: 100811344 ns
delta: 100722016 ns
delta: 100805217 ns
delta: 100938644 ns
delta: 100976724 ns
delta: 100906090 ns
delta: 100757929 ns
delta: 100984956 ns
delta: 100603153 ns
delta: 100806302 ns
delta: 100748049 ns
delta: 100868539 ns
delta: 100860312 ns
delta: 100892885 ns
delta: 100738952 ns
delta: 100861550 ns
delta: 102713429 ns
delta: 104543495 ns
delta: 104444447 ns
delta: 104460893 ns
delta: 104554670 ns
delta: 104610414 ns
delta: 104461740 ns
delta: 104496342 ns
delta: 104418348 ns
delta: 104329596 ns
delta: 104679646 ns
delta: 104536622 ns
delta: 104490016 ns
delta: 104400010 ns
delta: 104685120 ns
delta: 104478776 ns
delta: 104515254 ns
delta: 104564019 ns
delta: 104825255 ns
delta: 104530247 ns
delta: 104456836 ns
delta: 104482435 ns
delta: 104369701 ns
delta: 104541609 ns
delta: 104608813 ns
delta: 104460965 ns
delta: 104390920 ns
delta: 104357291 ns
delta: 104573064 ns
delta: 104384087 ns
delta: 104414513 ns
delta: 104540584 ns
delta: 104336758 ns
delta: 104419500 ns
delta: 104313557 ns
delta: 105983256 ns
delta: 104639976 ns
delta: 104657155 ns
delta: 104491067 ns
delta: 104508761 ns
delta: 104415354 ns
delta: 104770243 ns
delta: 104540501 ns
delta: 104358813 ns
delta: 104422813 ns
delta: 104477542 ns
delta: 104454032 ns
delta: 104441339 ns
delta: 104338758 ns
delta: 104472572 ns
delta: 104632830 ns
delta: 104460106 ns
delta: 104437954 ns
delta: 104103663 ns
delta: 104366776 ns
delta: 104554032 ns
delta: 104557257 ns
delta: 104503422 ns
delta: 104518028 ns
delta: 104453100 ns
delta: 104208863 ns
delta: 104400231 ns
delta: 104324147 ns
delta: 104420228 ns
delta: 104502611 ns
delta: 104516989 ns
delta: 104728923 ns
delta: 104546167 ns
delta: 104353161 ns
delta: 104620520 ns
delta: 104316907 ns
delta: 104458790 ns
delta: 104133979 ns
delta: 104338898 ns
delta: 104342723 ns
delta: 104888404 ns
delta: 104562865 ns
delta: 104602014 ns
delta: 104339289 ns
delta: 104557582 ns
delta: 104149872 ns
delta: 104509695 ns
delta: 104311023 ns
delta: 104500676 ns
delta: 104181194 ns
delta: 104613344 ns
delta: 104314205 ns
delta: 104473947 ns
delta: 104595664 ns
delta: 104290332 ns
delta: 104598057 ns
delta: 104522251 ns
delta: 104378612 ns
delta: 104810241 ns
delta: 104568062 ns
delta: 104477349 ns
delta: 104272349 ns
delta: 104285249 ns
delta: 104485000 ns
delta: 104249298 ns
delta: 104412896 ns
delta: 104386470 ns
delta: 104586312 ns
delta: 104372226 ns
delta: 104351574 ns
delta: 104225920 ns
delta: 104464167 ns
delta: 104328501 ns
delta: 104515142 ns
delta: 104526930 ns
delta: 104421959 ns
delta: 104475528 ns
delta: 104890385 ns
delta: 104408474 ns
delta: 171089299 ns
delta: 118141227 ns
delta: 104388146 ns
delta: 104320250 ns
delta: 104258460 ns
delta: 104549889 ns
delta: 105622962 ns
delta: 107111798 ns
delta: 106913390 ns
delta: 106697591 ns
delta: 106628382 ns
delta: 106877131 ns
delta: 106668546 ns
delta: 106377891 ns
delta: 106735038 ns
delta: 106573235 ns
delta: 107083027 ns
delta: 106303603 ns
delta: 107175787 ns
delta: 106977633 ns
delta: 106557207 ns
delta: 106228284 ns
delta: 105812219 ns
delta: 106167649 ns
delta: 106290329 ns
delta: 105990163 ns
delta: 106118874 ns
delta: 106152230 ns
delta: 106305184 ns
delta: 106185152 ns
delta: 106206377 ns
delta: 106402834 ns
delta: 106286127 ns
delta: 106359114 ns
delta: 106332778 ns
delta: 106166702 ns
delta: 106544159 ns
delta: 106752885 ns
delta: 105971325 ns
delta: 106308076 ns
delta: 106517990 ns
delta: 106393840 ns
delta: 106038758 ns
delta: 106426799 ns
delta: 107146460 ns
delta: 107325890 ns
delta: 106662629 ns
delta: 106723012 ns
delta: 106696630 ns
delta: 106208906 ns
delta: 106229670 ns
delta: 106298396 ns
delta: 106645992 ns
delta: 106801894 ns
delta: 107410985 ns
delta: 106983664 ns
delta: 107096364 ns
delta: 107141474 ns
delta: 106969529 ns
delta: 106023776 ns
delta: 106186837 ns
delta: 106389615 ns
delta: 106285769 ns
delta: 106348716 ns
delta: 106206524 ns
delta: 106456923 ns
delta: 106151107 ns
delta: 106118149 ns
delta: 106269540 ns
delta: 106447761 ns
delta: 106169385 ns
delta: 106021784 ns
delta: 106149387 ns
delta: 106573972 ns
delta: 107974790 ns
delta: 107181563 ns
delta: 106586933 ns
delta: 107104908 ns
delta: 106868964 ns
delta: 106556865 ns
delta: 106372464 ns
delta: 106905591 ns
delta: 106757046 ns
delta: 107090792 ns
delta: 106783235 ns
delta: 106983424 ns
delta: 106746814 ns
delta: 106748708 ns
delta: 106561288 ns
delta: 106958045 ns
delta: 106769554 ns
delta: 106928118 ns
delta: 106559268 ns
delta: 106816595 ns
delta: 106034283 ns
delta: 106354105 ns
delta: 106459045 ns
delta: 106293826 ns
delta: 106122509 ns
delta: 106424180 ns
delta: 106274390 ns
delta: 106550540 ns
delta: 106351547 ns
delta: 106339717 ns
delta: 107863623 ns
delta: 108179069 ns
delta: 106607699 ns
delta: 106542395 ns
delta: 106382039 ns
delta: 106346610 ns
delta: 106487872 ns
delta: 107183290 ns
delta: 107262808 ns
delta: 106710536 ns
delta: 106943829 ns
delta: 107035604 ns
delta: 106583124 ns
delta: 106316464 ns
delta: 107011398 ns
delta: 106927807 ns
delta: 106823913 ns
delta: 106864942 ns
delta: 107460783 ns
delta: 106758143 ns
delta: 106989496 ns
delta: 106599909 ns
delta: 107020091 ns
delta: 107029000 ns
delta: 107027908 ns
delta: 107029949 ns
delta: 108505651 ns
delta: 107194734 ns
delta: 107367681 ns
delta: 106271122 ns
delta: 106795336 ns
delta: 107129548 ns
delta: 107375448 ns
delta: 107000592 ns
delta: 106991212 ns
delta: 107732388 ns
delta: 107601055 ns
delta: 107275333 ns
delta: 106897567 ns
delta: 107256549 ns
delta: 107489722 ns
delta: 106728406 ns
delta: 107529617 ns
delta: 107264006 ns
delta: 106918819 ns
delta: 106899005 ns
delta: 106148142 ns
delta: 106108864 ns
delta: 106313779 ns
delta: 106111362 ns
delta: 106137254 ns
delta: 106430084 ns
delta: 106393400 ns
delta: 106370480 ns
delta: 105984020 ns
delta: 106680598 ns
delta: 106683781 ns
delta: 106725386 ns
delta: 106210225 ns
delta: 106408153 ns
delta: 106692348 ns
delta: 106294926 ns
delta: 106298645 ns
delta: 106136708 ns
delta: 107129506 ns
delta: 106905350 ns
delta: 106354934 ns
delta: 107174534 ns
delta: 106682500 ns
delta: 106416733 ns
delta: 106038153 ns
delta: 106183652 ns
delta: 106824385 ns
delta: 106373338 ns
delta: 106254312 ns
delta: 106228105 ns
delta: 106517641 ns
delta: 106283411 ns
delta: 106698328 ns
delta: 106271710 ns
delta: 106758941 ns
delta: 106403642 ns
delta: 106826370 ns
delta: 107102006 ns
delta: 106769451 ns
delta: 106595849 ns
delta: 106941644 ns
delta: 106400986 ns
delta: 106532566 ns
delta: 106349439 ns
delta: 106698773 ns
delta: 106388872 ns
delta: 106799073 ns
delta: 106729594 ns
delta: 106566176 ns
delta: 106317554 ns
delta: 106377975 ns
delta: 106408355 ns
delta: 106912731 ns
delta: 106638780 ns
delta: 106132809 ns
delta: 108015845 ns
delta: 108429132 ns
delta: 108554023 ns
delta: 108469832 ns
delta: 108221460 ns
delta: 108362685 ns
delta: 108173138 ns
delta: 108340581 ns
delta: 108375029 ns
delta: 108228545 ns
delta: 108211222 ns
delta: 107902662 ns
delta: 107440182 ns
delta: 107370074 ns
delta: 106977990 ns
delta: 106921706 ns
delta: 106989393 ns
delta: 106951894 ns
delta: 107051178 ns
delta: 106773842 ns
delta: 106444222 ns
delta: 106391010 ns
delta: 106798249 ns
delta: 105968606 ns
delta: 106177824 ns
delta: 106723956 ns
delta: 106688008 ns
delta: 106291465 ns
delta: 106597324 ns
delta: 106619862 ns
delta: 106860622 ns
delta: 106240798 ns
delta: 106376195 ns
delta: 106497450 ns
delta: 106645782 ns
delta: 106126805 ns
delta: 106309747 ns
delta: 106361506 ns
delta: 107040571 ns
delta: 106077109 ns
delta: 106063999 ns
delta: 106318517 ns
delta: 106262901 ns
delta: 106549790 ns
delta: 106431177 ns
delta: 106769884 ns
delta: 106304439 ns
delta: 106148306 ns
delta: 105644885 ns
delta: 106300374 ns
delta: 106453408 ns
delta: 106429140 ns
delta: 106010526 ns
delta: 106638661 ns
delta: 106435024 ns
delta: 106736533 ns
delta: 106498575 ns
delta: 106246504 ns
delta: 106683581 ns
delta: 106687827 ns
delta: 105995384 ns
delta: 106222889 ns
delta: 106288419 ns
delta: 106500358 ns
delta: 105885357 ns
delta: 105952498 ns
delta: 106433214 ns
delta: 106359313 ns
delta: 106321045 ns
delta: 106250109 ns
delta: 106338312 ns
delta: 106584005 ns
delta: 107017642 ns
delta: 106562511 ns
delta: 106504311 ns
delta: 107151910 ns
delta: 106131243 ns
delta: 106143602 ns
delta: 106379332 ns
delta: 106521983 ns
delta: 106438225 ns
delta: 105961136 ns
delta: 106371986 ns
delta: 106551336 ns
delta: 106584036 ns
delta: 106427507 ns
delta: 106449938 ns
delta: 106419909 ns
delta: 106889971 ns
delta: 106512853 ns
delta: 106221485 ns
delta: 106517331 ns
delta: 106717480 ns
delta: 105823406 ns
delta: 106392879 ns
delta: 106951250 ns
delta: 106803205 ns
delta: 106560620 ns
delta: 106400947 ns
delta: 106730182 ns
delta: 106919810 ns
delta: 106804047 ns
delta: 106562599 ns
delta: 107220290 ns
delta: 106876102 ns
delta: 106561354 ns
delta: 106634072 ns
delta: 106829623 ns
delta: 106828763 ns
delta: 106713576 ns
delta: 106604830 ns
delta: 106722059 ns
delta: 106998666 ns
delta: 106714627 ns
delta: 106005458 ns
delta: 106015297 ns
delta: 106484637 ns
delta: 106849223 ns
delta: 106816361 ns
delta: 106584479 ns
delta: 106719787 ns
delta: 107290888 ns
delta: 106802858 ns
delta: 106362732 ns
delta: 107247899 ns
delta: 106791608 ns
delta: 106651944 ns
delta: 106833572 ns
delta: 107004869 ns
delta: 107242299 ns
delta: 106543185 ns
delta: 107076955 ns
delta: 107216550 ns
delta: 107018189 ns
delta: 106866906 ns
delta: 106636937 ns
delta: 106578397 ns
delta: 106838338 ns
delta: 106723071 ns
delta: 106456408 ns
delta: 106837054 ns
delta: 107011688 ns
delta: 106807378 ns
delta: 106507498 ns
delta: 106561605 ns
delta: 107065371 ns
delta: 106918383 ns
delta: 106592402 ns
delta: 106761844 ns
delta: 107104201 ns
delta: 107527751 ns
delta: 106323168 ns
delta: 106579603 ns
delta: 107122762 ns
delta: 106450770 ns
delta: 106211831 ns
delta: 106072208 ns
delta: 106139735 ns
delta: 106328374 ns
delta: 106012759 ns
delta: 106502703 ns
delta: 106550276 ns
delta: 106353479 ns
delta: 106020865 ns
delta: 105989217 ns
delta: 106158160 ns
delta: 106338242 ns
delta: 106315896 ns
delta: 106117752 ns
delta: 106594251 ns
delta: 107070165 ns
delta: 107011360 ns
delta: 106298887 ns
delta: 106777035 ns
delta: 106596119 ns
delta: 106762977 ns
delta: 106390109 ns
delta: 106760265 ns
delta: 106898952 ns
delta: 106998398 ns
delta: 106842303 ns
delta: 106847071 ns
delta: 106923414 ns
delta: 106899909 ns
delta: 106599580 ns
delta: 106616396 ns
delta: 107204366 ns
delta: 106978198 ns
delta: 106703238 ns
delta: 105872137 ns
delta: 106450778 ns
delta: 106247866 ns
delta: 106601223 ns
delta: 105946853 ns
delta: 106332061 ns
delta: 106292668 ns
delta: 106528700 ns
delta: 106092298 ns
delta: 106330150 ns
delta: 106378636 ns
delta: 106301856 ns
delta: 106090808 ns
delta: 106526690 ns
delta: 106407049 ns
delta: 107791370 ns
delta: 108174337 ns
delta: 108471895 ns
delta: 108440404 ns
delta: 108219766 ns
delta: 108333165 ns
delta: 108151356 ns
delta: 108436434 ns
delta: 108282592 ns
delta: 108380131 ns
delta: 108057300 ns
delta: 107388097 ns
delta: 106768852 ns
delta: 106533343 ns
delta: 106192854 ns
delta: 106240608 ns
delta: 106219633 ns
delta: 106474659 ns
delta: 106064307 ns
delta: 106853012 ns
delta: 106475012 ns
delta: 106556190 ns
delta: 106309210 ns
delta: 107009729 ns
delta: 106847240 ns
delta: 106087466 ns
delta: 106017981 ns
delta: 106434282 ns
delta: 106573201 ns
delta: 106265504 ns
delta: 106400543 ns
delta: 106628109 ns
delta: 106465166 ns
delta: 106634997 ns
delta: 106184632 ns
delta: 106433158 ns
delta: 106720784 ns
delta: 106748491 ns
delta: 105987156 ns
delta: 106373472 ns
delta: 106874958 ns
delta: 106227479 ns
delta: 106126990 ns
delta: 106147724 ns
delta: 106512399 ns
delta: 106214468 ns
delta: 106497449 ns
delta: 106240376 ns
delta: 106367785 ns
delta: 106576437 ns
delta: 106397073 ns
delta: 106405943 ns
delta: 106959335 ns
delta: 106972886 ns
delta: 107260014 ns
delta: 106730107 ns
delta: 107269716 ns
delta: 107275617 ns
delta: 107042171 ns
delta: 107299970 ns
delta: 106499693 ns
delta: 106162023 ns
delta: 106274570 ns
delta: 106174846 ns
delta: 106278297 ns
delta: 106441120 ns
delta: 106447522 ns
delta: 106198083 ns
delta: 106183836 ns
delta: 106458325 ns
delta: 106435914 ns
delta: 106189790 ns
delta: 106369487 ns
delta: 106454774 ns
delta: 106541666 ns
delta: 106273009 ns
delta: 106305224 ns
delta: 107001285 ns
delta: 106901543 ns
delta: 106090717 ns
delta: 106076235 ns
delta: 106511336 ns
delta: 106647713 ns
delta: 106119137 ns
delta: 106354888 ns
delta: 106720853 ns
delta: 106611974 ns
delta: 106520729 ns
delta: 106300312 ns
delta: 106492984 ns
delta: 106579527 ns
delta: 106465668 ns
delta: 106283694 ns
delta: 106070668 ns
delta: 106415460 ns
delta: 106525779 ns
delta: 106324033 ns
delta: 106236985 ns
delta: 106262720 ns
delta: 106276464 ns
delta: 106244188 ns
delta: 106250989 ns
delta: 106425016 ns
delta: 106619929 ns
delta: 106492899 ns
delta: 106185604 ns
delta: 106388753 ns
delta: 106552607 ns
delta: 106341124 ns
delta: 106116316 ns
delta: 106222994 ns
delta: 106537177 ns
delta: 106251187 ns
delta: 106233416 ns
delta: 106506213 ns
delta: 106770941 ns
delta: 106575720 ns
delta: 105950982 ns
delta: 106417510 ns
delta: 106627690 ns
delta: 106489987 ns
delta: 105965174 ns
delta: 106294898 ns
delta: 106429556 ns
delta: 106355541 ns
delta: 106132484 ns
delta: 105898516 ns
delta: 106528968 ns
delta: 106221999 ns
delta: 106225694 ns
delta: 106074971 ns
delta: 106309342 ns
delta: 106532556 ns
delta: 106019911 ns
delta: 106477736 ns
delta: 106508711 ns
delta: 106481631 ns
delta: 106083627 ns
delta: 106564931 ns
delta: 107113148 ns
delta: 107041808 ns
delta: 106740286 ns
delta: 106572619 ns
delta: 107001208 ns
delta: 106963356 ns
delta: 107201663 ns
delta: 106578690 ns
delta: 106945020 ns
delta: 107131170 ns
delta: 107006606 ns
delta: 106766269 ns
delta: 106776623 ns
delta: 107121897 ns
delta: 106742492 ns
delta: 105989460 ns
delta: 106339127 ns
delta: 106511165 ns
delta: 106436708 ns
delta: 105898180 ns
delta: 106267068 ns
delta: 106269914 ns
delta: 106381844 ns
delta: 105736213 ns
delta: 106107571 ns
delta: 106601515 ns
delta: 106624456 ns
delta: 105933918 ns
delta: 106125143 ns
delta: 106447535 ns
delta: 106362596 ns
delta: 106263250 ns
delta: 106441758 ns
delta: 106538150 ns
delta: 106435743 ns
delta: 106423273 ns
delta: 106131790 ns
delta: 106482230 ns
delta: 106239938 ns
delta: 106402343 ns
delta: 106147774 ns
delta: 106077216 ns
delta: 106386674 ns
delta: 106134167 ns
delta: 106164930 ns
delta: 106207786 ns
delta: 106505183 ns
delta: 106769544 ns
delta: 106342899 ns
delta: 106366701 ns
delta: 106547709 ns
delta: 107008216 ns
delta: 106475446 ns
delta: 106083357 ns
delta: 106312375 ns
delta: 106399336 ns
delta: 106348005 ns
delta: 106331038 ns
delta: 106561126 ns
delta: 106516883 ns
delta: 106195286 ns
delta: 106222485 ns
delta: 106300173 ns
delta: 106623036 ns
delta: 106641559 ns
delta: 106335192 ns
delta: 108239693 ns
delta: 108456618 ns
delta: 108448847 ns
delta: 108350758 ns
delta: 108740703 ns
delta: 108328494 ns
delta: 108357096 ns
delta: 108215560 ns
delta: 108202695 ns
delta: 108283678 ns
delta: 108104884 ns
delta: 106342176 ns
delta: 106359573 ns
delta: 106547134 ns
delta: 106222466 ns
delta: 105961342 ns
delta: 106246880 ns
delta: 106779975 ns
delta: 106728318 ns
delta: 106418803 ns
delta: 106061184 ns
delta: 106716799 ns
delta: 107993536 ns
delta: 109125544 ns
delta: 107180541 ns
delta: 108518775 ns
delta: 107950854 ns
delta: 106780994 ns
delta: 106243657 ns
delta: 107544089 ns
delta: 108374155 ns
delta: 107004918 ns
delta: 106079693 ns
delta: 106161558 ns
delta: 106473389 ns
delta: 106525953 ns
delta: 106143365 ns
delta: 106567248 ns
delta: 106449672 ns
delta: 106181639 ns
delta: 106296103 ns
delta: 106817268 ns
delta: 106615802 ns
delta: 106596451 ns
delta: 106427690 ns
delta: 106411467 ns
delta: 106681686 ns
delta: 106628021 ns
delta: 106289960 ns
delta: 106493096 ns
delta: 106437545 ns
delta: 106418722 ns
delta: 106416016 ns
delta: 108332590 ns
delta: 107817190 ns
delta: 106669652 ns
delta: 106326659 ns
delta: 106596837 ns
delta: 107306095 ns
delta: 107198386 ns
delta: 107690415 ns
delta: 106626442 ns
delta: 106862720 ns
delta: 106994651 ns
delta: 106969263 ns
delta: 106796602 ns
delta: 106977702 ns
delta: 107151029 ns
delta: 107074596 ns
delta: 106803875 ns
delta: 106904076 ns
delta: 106935800 ns
delta: 106967162 ns
delta: 106740046 ns
delta: 106659062 ns
delta: 107148295 ns
delta: 106908716 ns
delta: 106922336 ns
delta: 106883326 ns
delta: 107393209 ns
delta: 107017208 ns
delta: 106523656 ns
delta: 106780857 ns
delta: 106916984 ns
delta: 107285194 ns
delta: 106940469 ns
delta: 106560579 ns
delta: 106759480 ns
delta: 106896500 ns
delta: 106811341 ns
delta: 105775402 ns
delta: 106330286 ns
delta: 106518982 ns
delta: 106492947 ns
delta: 106100603 ns
delta: 106673454 ns
delta: 106792791 ns
delta: 106757963 ns
delta: 106694626 ns
delta: 106786853 ns
delta: 107132216 ns
delta: 106909708 ns
delta: 106362016 ns
delta: 107032965 ns
delta: 106808937 ns
delta: 106730494 ns
delta: 106462023 ns
delta: 106690006 ns
delta: 107109095 ns
delta: 107152910 ns
delta: 106455824 ns
delta: 106647300 ns
delta: 107117377 ns
delta: 107052649 ns
delta: 106707265 ns
delta: 106998153 ns
delta: 107432724 ns
delta: 106302988 ns
delta: 106297483 ns
delta: 106138550 ns
delta: 106155555 ns
delta: 106483584 ns
delta: 106251514 ns
delta: 105893837 ns
delta: 106563563 ns
delta: 106508467 ns
delta: 106300589 ns
delta: 106509980 ns
delta: 106598067 ns
delta: 106603993 ns
delta: 107096452 ns
delta: 106838198 ns
delta: 106718321 ns
delta: 107025327 ns
delta: 107031086 ns
delta: 107394149 ns
delta: 107042035 ns
delta: 107389418 ns
delta: 107206252 ns
delta: 106833093 ns
delta: 106643025 ns
delta: 107224200 ns
delta: 106941622 ns
delta: 106694656 ns
delta: 106854017 ns
delta: 107302569 ns
delta: 106896088 ns
delta: 107058699 ns
delta: 106715405 ns
delta: 107019753 ns
delta: 107219811 ns
delta: 106757335 ns
delta: 106922758 ns
delta: 107124821 ns
delta: 106868753 ns
delta: 107768772 ns
delta: 107289963 ns
delta: 107065323 ns
delta: 107001916 ns
delta: 107064587 ns
delta: 106909609 ns
delta: 106972302 ns
delta: 107021307 ns
delta: 106904831 ns
delta: 107394357 ns
delta: 107717666 ns
delta: 107743353 ns
delta: 106647544 ns
delta: 106023820 ns
delta: 106251427 ns
delta: 106327551 ns
delta: 106490134 ns
delta: 106421992 ns
delta: 106357630 ns
delta: 107329859 ns
delta: 107918922 ns
delta: 107093037 ns
delta: 106663372 ns
max jitter: 77.839859 ms

Mon Jun 10 13:57:47 CEST 2019
The sched_jitter test appears to have completed.
