--- Running testcase async_handler -c 100  ---
Mon Jun 10 12:05:38 CEST 2019
Logging to /home/iocuser/ics_gitsrc/e3-tools/rt_conf/ltp/testcases/realtime/logs/icslab-mtca-daq02-x86_64-3.10.0-957.12.2.rt56.929.el7.x86_64-2019-06-10-async_handler-c100.log

-----------------------------------
Asynchronous Event Handling Latency
-----------------------------------

Running 1000000 iterations
pthread_create failed: 1 (Operation not permitted)
pthread_create failed: 1 (Operation not permitted)

Criteria: latencies < 100
Result: PASS

Mon Jun 10 12:05:38 CEST 2019
The async_handler test appears to have completed.
--- Running testcase async_handler -c 100  ---
Mon Jun 10 13:36:57 CEST 2019
Logging to /home/iocuser/ics_gitsrc/e3-tools/rt_conf/ltp/testcases/realtime/logs/icslab-mtca-daq02-x86_64-3.10.0-957.12.2.rt56.929.el7.x86_64-2019-06-10-async_handler-c100.log

-----------------------------------
Asynchronous Event Handling Latency
-----------------------------------

Running 1000000 iterations
recording statistics...
Min: 1 us
Max: 147 us
handler thread exiting
Avg: 4.0600 us
StdDev: 0.6695 us
signal thread exiting

Criteria: latencies < 100
Result: FAIL

Mon Jun 10 13:37:26 CEST 2019
The async_handler test appears to have completed.
